/Attraction_Review-g274887-d276817-Reviews-Hungarian_Parliament_Building-Budapest_Central_Hungary.html
/Attraction_Review-g274887-d276803-Reviews-Halaszbastya-Budapest_Central_Hungary.html
/Attraction_Review-g274887-d276822-Reviews-St_Stephen_s_Basilica_Szent_Istvan_Bazilika-Budapest_Central_Hungary.html
/Attraction_Review-g274887-d298971-Reviews-Danube_River-Budapest_Central_Hungary.html
/Attraction_Review-g274887-d276821-Reviews-Szechenyi_Lanchid-Budapest_Central_Hungary.html
/Attraction_Review-g274887-d276821-Reviews-Szechenyi_Lanchid-Budapest_Central_Hungary.html
/Attraction_Review-g274887-d276821-Reviews-Szechenyi_Lanchid-Budapest_Central_Hungary.html
/Attraction_Review-g274887-d276801-Reviews-Varhegy-Budapest_Central_Hungary.html
/Attraction_Review-g274887-d276827-Reviews-Heroes_Square-Budapest_Central_Hungary.html
/Attraction_Review-g274887-d276821-Reviews-Szechenyi_Lanchid-Budapest_Central_Hungary.html
/Attraction_Review-g274887-d276801-Reviews-Varhegy-Budapest_Central_Hungary.html
/Attraction_Review-g274887-d276827-Reviews-Heroes_Square-Budapest_Central_Hungary.html
/Attraction_Review-g274887-d276821-Reviews-Szechenyi_Lanchid-Budapest_Central_Hungary.html
/Attraction_Review-g274887-d276801-Reviews-Varhegy-Budapest_Central_Hungary.html
/Attraction_Review-g274887-d276827-Reviews-Heroes_Square-Budapest_Central_Hungary.html
/Attraction_Review-g274887-d276821-Reviews-Szechenyi_Lanchid-Budapest_Central_Hungary.html
/Attraction_Review-g274887-d276801-Reviews-Varhegy-Budapest_Central_Hungary.html
/Attraction_Review-g274887-d276827-Reviews-Heroes_Square-Budapest_Central_Hungary.html
/Attraction_Review-g274887-d276128-Reviews-Central_Market_Hall-Budapest_Central_Hungary.html
/Attraction_Review-g274887-d276821-Reviews-Szechenyi_Lanchid-Budapest_Central_Hungary.html
/Attraction_Review-g274887-d276801-Reviews-Varhegy-Budapest_Central_Hungary.html
/Attraction_Review-g274887-d276827-Reviews-Heroes_Square-Budapest_Central_Hungary.html
/Attraction_Review-g274887-d276128-Reviews-Central_Market_Hall-Budapest_Central_Hungary.html
